build/app/outputs/mapping/release/usage.txt
com.example.wallpapers_app_theme.R$color
com.example.wallpapers_app_theme.R$string
com.example.wallpapers_app_theme.R$attr
com.example.wallpapers_app_theme.R$drawable
com.example.wallpapers_app_theme.R$integer
com.example.wallpapers_app_theme.BuildConfig
com.example.wallpapers_app_theme.R$styleable
com.example.wallpapers_app_theme.R
com.example.wallpapers_app_theme.R$dimen
com.example.wallpapers_app_theme.R$layout
com.example.wallpapers_app_theme.R$style
com.example.wallpapers_app_theme.R$mipmap
com.example.wallpapers_app_theme.R$id
...
androidx.core.view.ViewPropertyAnimatorCompat$2
com.google.common.collect.TreeBasedTable$TreeRow
kotlin.collections.AbstractIterator
com.google.common.collect.Multimaps$MapMultimap
org.intellij.lang.annotations.JdkConstants$FontStyle
kotlin.collections.ArraysKt___ArraysKt$asIterable$$inlined$Iterable$8
com.google.common.collect.ForwardingSortedMultiset$StandardDescendingMultiset
androidx.loader.R
com.google.common.base.AbstractIterator
androidx.viewpager.widget.ViewPager$DecorView
androidx.core.content.res.ResourcesCompat$FontCallback$1
com.google.common.eventbus.Dispatcher$PerThreadQueuedDispatcher$Event
com.google.common.io.Closeables
com.google.common.collect.Multimaps$UnmodifiableListMultimap
com.google.common.hash.LongAddables$1
com.google.common.util.concurrent.TimeoutFuture
kotlin.collections.AbstractMap
com.google.common.collect.AbstractMapBasedMultimap$SortedKeySet
com.google.common.collect.ComparatorOrdering
kotlin.time.DurationUnitKt__DurationUnitKt
com.google.common.collect.AbstractMapBasedMultimap$WrappedSortedSet
kotlin.collections.ArraysKt___ArraysKt$withIndex$5
com.google.common.collect.DiscreteDomain$IntegerDomain
com.google.common.base.Splitter$2$1
kotlin.jvm.functions.Function17
com.google.common.base.Present
kotlin.collections.CollectionsKt__CollectionsKt
com.google.common.graph.UndirectedGraphConnections
com.google.common.primitives.Bytes
com.google.common.cache.LocalCache$1
androidx.core.provider.FontsContractCompat
com.google.common.collect.DescendingMultiset
androidx.core.content.FileProvider$SimplePathStrategy
kotlin.collections.MapAccessorsKt
com.google.common.collect.MapMakerInternalMap$Strength$1
kotlin.collections.ArraysKt___ArraysKt$asSequence$$inlined$Sequence$3
javax.annotation.MatchesPattern$Checker
androidx.core.app.AppOpsManagerCompat
com.google.common.collect.ForwardingMap
androidx.core.app.Person$Builder
io.flutter.embedding.android.AndroidKeyProcessor$EventResponder:
    private static final long MAX_PENDING_EVENTS
androidx.core.os.ParcelableCompat$ParcelableCompatCreatorHoneycombMR2
com.google.common.io.Files
com.google.common.collect.Synchronized$SynchronizedMultimap
com.google.common.hash.Crc32cHashFunction
kotlin.sequences.SequencesKt__SequencesKt$asSequence$$inlined$Sequence$1
kotlin.io.FilesKt__UtilsKt
androidx.core.text.util.FindAddress$ZipRange
kotlin.reflect.KVariance
kotlin.ranges.RangesKt__RangesJVMKt
kotlin.sequences.SequencesKt__SequencesKt$Sequence$1
kotlin.sequences.SequencesKt___SequencesKt$minus$1
com.google.common.util.concurrent.ExecutionSequencer$4
com.google.common.util.concurrent.AbstractCatchingFuture$AsyncCatchingFuture
com.google.common.collect.LinkedListMultimap$KeyList
com.google.common.collect.ImmutableMultiset$Builder
kotlin.internal.UProgressionUtilKt
io.flutter.util.PathUtils:
    public void <init>()
kotlin.UninitializedPropertyAccessException
com.google.common.graph.AbstractValueGraph
kotlin.text.StringsKt__IndentKt$getIndentFunction$2
kotlin.reflect.KProperty0